----------------------------------------
Timestamp: 3/31/2014 8:02:24 AM

Message: HandlingInstanceID: 434be28b-db32-4688-9f4f-3a081fd055f5
An exception of type 'System.Web.HttpException' occurred and was caught.
------------------------------------------------------------------------
03/31/2014 11:02:24
Type : System.Web.HttpException, System.Web, Version=4.0.0.0, Culture=neutral, PublicKeyToken=b03f5f7f11d50a3a
Message : File does not exist.
Source : System.Web
Help link : 
WebEventCode : 0
ErrorCode : -2147467259
Data : System.Collections.ListDictionaryInternal
TargetSite : Boolean ProcessRequestForNonMapPathBasedVirtualFile(System.Web.HttpRequest, System.Web.HttpResponse, System.String)
HResult : -2147467259
Stack Trace :    at System.Web.StaticFileHandler.ProcessRequestForNonMapPathBasedVirtualFile(HttpRequest request, HttpResponse response, String overrideVirtualPath)
   at System.Web.StaticFileHandler.ProcessRequestInternal(HttpContext context, String overrideVirtualPath)
   at System.Web.DefaultHttpHandler.BeginProcessRequest(HttpContext context, AsyncCallback callback, Object state)
   at System.Web.HttpApplication.CallHandlerExecutionStep.System.Web.HttpApplication.IExecutionStep.Execute()
   at System.Web.HttpApplication.ExecuteStep(IExecutionStep step, Boolean& completedSynchronously)

Additional Info:

MachineName : MILCHEVA
TimeStamp : 3/31/2014 8:02:24 AM
FullName : Telerik.Sitefinity.Utilities, Version=6.3.5000.0, Culture=neutral, PublicKeyToken=b28c218413bdf563
AppDomainName : 8d9b9c5b-1-130407265182205147
ThreadIdentity : 
WindowsIdentity : TELERIK\milcheva
Requested URL : http://localhost:56007/favicon.ico


Category: ErrorLog

Priority: 0

EventId: 90000

Severity: Error

Title:Enterprise Library Exception Handling

Machine: MILCHEVA

App Domain: 8d9b9c5b-1-130407265182205147

ProcessId: 10056

Process Name: C:\Program Files (x86)\Common Files\Microsoft Shared\DevServer\11.0\WebDev.WebServer40.exe

Thread Name: 

Win32 ThreadId:2056

Extended Properties: 
----------------------------------------
----------------------------------------
Timestamp: 3/31/2014 8:15:10 AM

Message: HandlingInstanceID: a8a2ca7d-ceae-438c-8629-9b9eb9417f7c
An exception of type 'System.ArgumentNullException' occurred and was caught.
----------------------------------------------------------------------------
03/31/2014 11:15:10
Type : System.ArgumentNullException, mscorlib, Version=4.0.0.0, Culture=neutral, PublicKeyToken=b77a5c561934e089
Message : Value cannot be null.
Parameter name: source
Source : System.Core
Help link : 
ParamName : source
Data : System.Collections.ListDictionaryInternal
TargetSite : System.Collections.Generic.IEnumerable`1[TResult] Select[TSource,TResult](System.Collections.Generic.IEnumerable`1[TSource], System.Func`2[TSource,TResult])
HResult : -2147467261
Stack Trace :    at System.Linq.Enumerable.Select[TSource,TResult](IEnumerable`1 source, Func`2 selector)
   at Telerik.Sitefinity.Data.ManagerExtensions.GetSiteProviders(IManager manager, Guid siteId)
   at Telerik.Sitefinity.Data.ManagerBase`1.GetContextProviders()
   at Telerik.Sitefinity.Web.UI.Backend.FlatProviderSelector.get_Providers()
   at Telerik.Sitefinity.Web.UI.Backend.FlatProviderSelector.set_Manager(IManager value)
   at Telerik.Sitefinity.Web.UI.ContentUI.Views.Backend.Master.MasterGridView.BindProvidersList()
   at Telerik.Sitefinity.Web.UI.ContentUI.Views.Backend.Master.MasterGridView.InitializeControls(GenericContainer container, IContentViewDefinition definition)
   at Telerik.Sitefinity.Web.UI.ContentUI.Views.Backend.ViewBase.CreateChildControls()

Additional Info:

MachineName : MILCHEVA
TimeStamp : 3/31/2014 8:15:10 AM
FullName : Telerik.Sitefinity.Utilities, Version=6.3.5000.0, Culture=neutral, PublicKeyToken=b28c218413bdf563
AppDomainName : 8d9b9c5b-1-130407269809555147
ThreadIdentity : admin
WindowsIdentity : TELERIK\milcheva
Requested URL : http://localhost:56007/Sitefinity/Design/PageTemplates


Category: ErrorLog

Priority: 0

EventId: 9010

Severity: Warning

Title:Enterprise Library Exception Handling

Machine: MILCHEVA

App Domain: 8d9b9c5b-1-130407269809555147

ProcessId: 9348

Process Name: C:\Program Files (x86)\Common Files\Microsoft Shared\DevServer\11.0\WebDev.WebServer40.exe

Thread Name: 

Win32 ThreadId:6312

Extended Properties: 
----------------------------------------
----------------------------------------
Timestamp: 3/31/2014 8:15:18 AM

Message: HandlingInstanceID: aaf1f521-0b33-4383-8c50-e946bc4cc4b1
An exception of type 'System.Web.HttpException' occurred and was caught.
------------------------------------------------------------------------
03/31/2014 11:15:18
Type : System.Web.HttpException, System.Web, Version=4.0.0.0, Culture=neutral, PublicKeyToken=b03f5f7f11d50a3a
Message : File does not exist.
Source : System.Web
Help link : 
WebEventCode : 0
ErrorCode : -2147467259
Data : System.Collections.ListDictionaryInternal
TargetSite : Boolean ProcessRequestForNonMapPathBasedVirtualFile(System.Web.HttpRequest, System.Web.HttpResponse, System.String)
HResult : -2147467259
Stack Trace :    at System.Web.StaticFileHandler.ProcessRequestForNonMapPathBasedVirtualFile(HttpRequest request, HttpResponse response, String overrideVirtualPath)
   at System.Web.StaticFileHandler.ProcessRequestInternal(HttpContext context, String overrideVirtualPath)
   at System.Web.DefaultHttpHandler.BeginProcessRequest(HttpContext context, AsyncCallback callback, Object state)
   at System.Web.HttpApplication.CallHandlerExecutionStep.System.Web.HttpApplication.IExecutionStep.Execute()
   at System.Web.HttpApplication.ExecuteStep(IExecutionStep step, Boolean& completedSynchronously)

Additional Info:

MachineName : MILCHEVA
TimeStamp : 3/31/2014 8:15:18 AM
FullName : Telerik.Sitefinity.Utilities, Version=6.3.5000.0, Culture=neutral, PublicKeyToken=b28c218413bdf563
AppDomainName : 8d9b9c5b-1-130407269809555147
ThreadIdentity : admin
WindowsIdentity : TELERIK\milcheva
Requested URL : http://localhost:56007/jquery.min.map


Category: ErrorLog

Priority: 0

EventId: 90000

Severity: Error

Title:Enterprise Library Exception Handling

Machine: MILCHEVA

App Domain: 8d9b9c5b-1-130407269809555147

ProcessId: 9348

Process Name: C:\Program Files (x86)\Common Files\Microsoft Shared\DevServer\11.0\WebDev.WebServer40.exe

Thread Name: 

Win32 ThreadId:10624

Extended Properties: 
----------------------------------------
----------------------------------------
Timestamp: 3/31/2014 8:15:20 AM

Message: HandlingInstanceID: 07fe3544-e2f5-441f-aa2d-0285cc6b3ba6
An exception of type 'System.ArgumentNullException' occurred and was caught.
----------------------------------------------------------------------------
03/31/2014 11:15:20
Type : System.ArgumentNullException, mscorlib, Version=4.0.0.0, Culture=neutral, PublicKeyToken=b77a5c561934e089
Message : Value cannot be null.
Parameter name: source
Source : System.Core
Help link : 
ParamName : source
Data : System.Collections.ListDictionaryInternal
TargetSite : System.Collections.Generic.IEnumerable`1[TResult] Select[TSource,TResult](System.Collections.Generic.IEnumerable`1[TSource], System.Func`2[TSource,TResult])
HResult : -2147467261
Stack Trace :    at System.Linq.Enumerable.Select[TSource,TResult](IEnumerable`1 source, Func`2 selector)
   at Telerik.Sitefinity.Data.ManagerExtensions.GetSiteProviders(IManager manager, Guid siteId)
   at Telerik.Sitefinity.Data.ManagerBase`1.GetContextProviders()
   at Telerik.Sitefinity.Web.UI.Backend.FlatProviderSelector.get_Providers()
   at Telerik.Sitefinity.Web.UI.Backend.FlatProviderSelector.set_Manager(IManager value)
   at Telerik.Sitefinity.Web.UI.ContentUI.Views.Backend.Master.MasterGridView.BindProvidersList()
   at Telerik.Sitefinity.Web.UI.ContentUI.Views.Backend.Master.MasterGridView.InitializeControls(GenericContainer container, IContentViewDefinition definition)
   at Telerik.Sitefinity.Web.UI.ContentUI.Views.Backend.ViewBase.CreateChildControls()

Additional Info:

MachineName : MILCHEVA
TimeStamp : 3/31/2014 8:15:20 AM
FullName : Telerik.Sitefinity.Utilities, Version=6.3.5000.0, Culture=neutral, PublicKeyToken=b28c218413bdf563
AppDomainName : 8d9b9c5b-1-130407269809555147
ThreadIdentity : admin
WindowsIdentity : TELERIK\milcheva
Requested URL : http://localhost:56007/Sitefinity/Design/PageTemplates


Category: ErrorLog

Priority: 0

EventId: 9010

Severity: Warning

Title:Enterprise Library Exception Handling

Machine: MILCHEVA

App Domain: 8d9b9c5b-1-130407269809555147

ProcessId: 9348

Process Name: C:\Program Files (x86)\Common Files\Microsoft Shared\DevServer\11.0\WebDev.WebServer40.exe

Thread Name: 

Win32 ThreadId:9548

Extended Properties: 
----------------------------------------
