----------------------------------------
Timestamp: 2/26/2014 4:22:37 PM

Message: Shutting down threadpool...


----------------------------------------
----------------------------------------
Timestamp: 2/26/2014 4:22:37 PM

Message: Thread pool 'BackgroundTasksService': Shutdown of thread pool completed. All currently running threads will finish their work and stop.


----------------------------------------
----------------------------------------
Timestamp: 2/26/2014 4:22:37 PM

Message: Background task scheduler shut down


----------------------------------------
----------------------------------------
Timestamp: 2/26/2014 4:22:37 PM

Message: WorkerThread is shut down


----------------------------------------
----------------------------------------
Timestamp: 2/26/2014 4:22:38 PM

Message: WorkerThread is shut down


----------------------------------------
----------------------------------------
Timestamp: 2/26/2014 4:22:38 PM

Message: WorkerThread is shut down


----------------------------------------
----------------------------------------
Timestamp: 2/26/2014 4:22:38 PM

Message: WorkerThread is shut down


----------------------------------------
----------------------------------------
Timestamp: 2/26/2014 4:22:39 PM

Message: Shutting down threadpool...


----------------------------------------
----------------------------------------
Timestamp: 2/26/2014 4:22:39 PM

Message: Thread pool 'BackgroundTasksService': Shutdown of thread pool completed. Threads aborted.


----------------------------------------
----------------------------------------
Timestamp: 2/26/2014 4:25:11 PM

Message: System.ArgumentNullException: Value cannot be null.
Parameter name: source
   at System.Linq.Enumerable.Select[TSource,TResult](IEnumerable`1 source, Func`2 selector)
   at Telerik.Sitefinity.Data.ManagerExtensions.GetSiteProviders(IManager manager, Guid siteId)
   at Telerik.Sitefinity.Data.ManagerBase`1.GetContextProviders()
   at Telerik.Sitefinity.Web.UI.Backend.FlatProviderSelector.get_Providers()
   at Telerik.Sitefinity.Web.UI.Backend.FlatProviderSelector.set_Manager(IManager value)
   at Telerik.Sitefinity.Web.UI.ContentUI.Views.Backend.Master.MasterGridView.BindProvidersList()
   at Telerik.Sitefinity.Web.UI.ContentUI.Views.Backend.Master.MasterGridView.InitializeControls(GenericContainer container, IContentViewDefinition definition)
   at Telerik.Sitefinity.Web.UI.ContentUI.Views.Backend.ViewBase.CreateChildControls()


----------------------------------------
----------------------------------------
Timestamp: 2/26/2014 4:25:21 PM

Message: System.ArgumentNullException: Value cannot be null.
Parameter name: source
   at System.Linq.Enumerable.Select[TSource,TResult](IEnumerable`1 source, Func`2 selector)
   at Telerik.Sitefinity.Data.ManagerExtensions.GetSiteProviders(IManager manager, Guid siteId)
   at Telerik.Sitefinity.Data.ManagerBase`1.GetContextProviders()
   at Telerik.Sitefinity.Web.UI.Backend.FlatProviderSelector.get_Providers()
   at Telerik.Sitefinity.Web.UI.Backend.FlatProviderSelector.set_Manager(IManager value)
   at Telerik.Sitefinity.Web.UI.ContentUI.Views.Backend.Master.MasterGridView.BindProvidersList()
   at Telerik.Sitefinity.Web.UI.ContentUI.Views.Backend.Master.MasterGridView.InitializeControls(GenericContainer container, IContentViewDefinition definition)
   at Telerik.Sitefinity.Web.UI.ContentUI.Views.Backend.ViewBase.CreateChildControls()


----------------------------------------
----------------------------------------
Timestamp: 2/26/2014 4:32:35 PM

Message: Shutting down threadpool...


----------------------------------------
----------------------------------------
Timestamp: 2/26/2014 4:32:35 PM

Message: Thread pool 'BackgroundTasksService': Shutdown of thread pool completed. All currently running threads will finish their work and stop.


----------------------------------------
----------------------------------------
Timestamp: 2/26/2014 4:32:35 PM

Message: Background task scheduler shut down


----------------------------------------
----------------------------------------
Timestamp: 2/26/2014 4:32:35 PM

Message: WorkerThread is shut down


----------------------------------------
----------------------------------------
Timestamp: 2/26/2014 4:32:35 PM

Message: WorkerThread is shut down


----------------------------------------
----------------------------------------
Timestamp: 2/26/2014 4:32:35 PM

Message: WorkerThread is shut down


----------------------------------------
----------------------------------------
Timestamp: 2/26/2014 4:32:35 PM

Message: WorkerThread is shut down


----------------------------------------
